Using pre-set license
Built from '2020.3/china_unity/release' branch; Version is '2020.3.8f1c1 (0b92326fa640) revision 758322'; Using compiler version '192528614'; Build Type 'Release'
OS: 'Windows 10 Pro; OS build 19042.985; Version 2009; 64bit' Language: 'zh' Physical Memory: 16318 MB
BatchMode: 1, IsHumanControllingUs: 0, StartBugReporterOnCrash: 0, Is64bit: 1, IsPro: 0

 COMMAND LINE ARGUMENTS:
D:\Program\Unity\2020.3.8f1c1\Editor\Unity.exe
-adb2
-batchMode
-noUpm
-name
AssetImportWorker0
-projectPath
D:/Files/GitProjects/GifForUnity
-logFile
Logs/AssetImportWorker0.log
-srvPort
54457
Successfully changed project path to: D:/Files/GitProjects/GifForUnity
D:/Files/GitProjects/GifForUnity
Using Asset Import Pipeline V2.
Refreshing native plugins compatible for Editor in 24.77 ms, found 0 plugins.
Preloading 0 native plugins for Editor in 0.00 ms.
Initialize engine version: 2020.3.8f1c1 (0b92326fa640)
[Subsystems] Discovering subsystems at path D:/Program/Unity/2020.3.8f1c1/Editor/Data/Resources/UnitySubsystems
[Subsystems] Discovering subsystems at path D:/Files/GitProjects/GifForUnity/Assets
GfxDevice: creating device client; threaded=0
Direct3D:
    Version:  Direct3D 11.0 [level 11.1]
    Renderer: NVIDIA GeForce RTX 2070 SUPER (ID=0x1e84)
    Vendor:   
    VRAM:     8011 MB
    Driver:   27.21.14.6663
Initialize mono
Mono path[0] = 'D:/Program/Unity/2020.3.8f1c1/Editor/Data/Managed'
Mono path[1] = 'D:/Program/Unity/2020.3.8f1c1/Editor/Data/MonoBleedingEdge/lib/mono/unityjit'
Mono config path = 'D:/Program/Unity/2020.3.8f1c1/Editor/Data/MonoBleedingEdge/etc'
Using monoOptions --debugger-agent=transport=dt_socket,embedding=1,server=y,suspend=n,address=127.0.0.1:56796
Begin MonoManager ReloadAssembly
Registering precompiled unity dll's ...
Register platform support module: D:/Program/Unity/2020.3.8f1c1/Editor/Data/PlaybackEngines/WindowsStandaloneSupport/UnityEditor.WindowsStandalone.Extensions.dll
Registered in 0.001827 seconds.
Native extension for WindowsStandalone target not found
Refreshing native plugins compatible for Editor in 23.44 ms, found 0 plugins.
Preloading 0 native plugins for Editor in 0.00 ms.
Mono: successfully reloaded assembly
- Completed reload, in  0.682 seconds
Platform modules already initialized, skipping
Registering precompiled user dll's ...
Registered in 0.000580 seconds.
Begin MonoManager ReloadAssembly
Native extension for WindowsStandalone target not found
Refreshing native plugins compatible for Editor in 0.25 ms, found 0 plugins.
Preloading 0 native plugins for Editor in 0.00 ms.
Mono: successfully reloaded assembly
- Completed reload, in  0.774 seconds
Platform modules already initialized, skipping
========================================================================
Worker process is ready to serve import requests
Launched and connected shader compiler UnityShaderCompiler.exe after 0.09 seconds
Refreshing native plugins compatible for Editor in 0.38 ms, found 0 plugins.
Preloading 0 native plugins for Editor in 0.00 ms.
Unloading 1118 Unused Serialized files (Serialized files now loaded: 0)
System memory in use before: 57.2 MB.
System memory in use after: 57.2 MB.

Unloading 9 unused Assets to reduce memory usage. Loaded Objects now: 1562.
Total: 2.719000 ms (FindLiveObjects: 0.353300 ms CreateObjectMapping: 0.089500 ms MarkObjects: 2.170500 ms  DeleteObjects: 0.104200 ms)

========================================================================
Received Import Request.
  path: Assets/GifForUnity/Scripts/GifDecoder.cs
  artifactKey: Guid(92f3a80562bb8704294b3052651cf4ec) Importer(815301076,1909f56bfc062723c751e8b465ee728b)
Start importing Assets/GifForUnity/Scripts/GifDecoder.cs using Guid(92f3a80562bb8704294b3052651cf4ec) Importer(815301076,1909f56bfc062723c751e8b465ee728b)  -> (artifact id: 'd23111a267f4bdeb54ffb7431b857b45') in 0.035041 seconds
  Import took 0.058258 seconds .

========================================================================
Received Prepare
Registering precompiled user dll's ...
Registered in 0.000480 seconds.
Begin MonoManager ReloadAssembly
Native extension for WindowsStandalone target not found
Refreshing native plugins compatible for Editor in 0.26 ms, found 0 plugins.
Preloading 0 native plugins for Editor in 0.00 ms.
Mono: successfully reloaded assembly
- Completed reload, in  0.652 seconds
Platform modules already initialized, skipping
Refreshing native plugins compatible for Editor in 0.25 ms, found 0 plugins.
Preloading 0 native plugins for Editor in 0.00 ms.
Unloading 1112 Unused Serialized files (Serialized files now loaded: 0)
System memory in use before: 57.0 MB.
System memory in use after: 57.1 MB.

Unloading 4 unused Assets to reduce memory usage. Loaded Objects now: 1565.
Total: 1.651000 ms (FindLiveObjects: 0.190800 ms CreateObjectMapping: 0.030300 ms MarkObjects: 1.405900 ms  DeleteObjects: 0.022600 ms)

========================================================================
Received Prepare
Registering precompiled user dll's ...
Registered in 0.000489 seconds.
Begin MonoManager ReloadAssembly
Native extension for WindowsStandalone target not found
Refreshing native plugins compatible for Editor in 0.23 ms, found 0 plugins.
Preloading 0 native plugins for Editor in 0.00 ms.
Mono: successfully reloaded assembly
- Completed reload, in  0.603 seconds
Platform modules already initialized, skipping
Refreshing native plugins compatible for Editor in 0.25 ms, found 0 plugins.
Preloading 0 native plugins for Editor in 0.00 ms.
Unloading 1112 Unused Serialized files (Serialized files now loaded: 0)
System memory in use before: 57.0 MB.
System memory in use after: 57.1 MB.

Unloading 4 unused Assets to reduce memory usage. Loaded Objects now: 1568.
Total: 1.511200 ms (FindLiveObjects: 0.146500 ms CreateObjectMapping: 0.024300 ms MarkObjects: 1.322400 ms  DeleteObjects: 0.017200 ms)

========================================================================
Received Import Request.
  Time since last request: 167.869079 seconds.
  path: Assets/GifForUnity/Scripts/GifDecoder.cs
  artifactKey: Guid(92f3a80562bb8704294b3052651cf4ec) Importer(815301076,1909f56bfc062723c751e8b465ee728b)
Start importing Assets/GifForUnity/Scripts/GifDecoder.cs using Guid(92f3a80562bb8704294b3052651cf4ec) Importer(815301076,1909f56bfc062723c751e8b465ee728b)  -> (artifact id: '1e21c8673dcba37883327876920f7e97') in 0.003461 seconds
  Import took 0.028206 seconds .

========================================================================
Received Prepare
Registering precompiled user dll's ...
Registered in 0.000458 seconds.
Begin MonoManager ReloadAssembly
Native extension for WindowsStandalone target not found
Refreshing native plugins compatible for Editor in 0.23 ms, found 0 plugins.
Preloading 0 native plugins for Editor in 0.00 ms.
Mono: successfully reloaded assembly
- Completed reload, in  0.596 seconds
Platform modules already initialized, skipping
Refreshing native plugins compatible for Editor in 0.22 ms, found 0 plugins.
Preloading 0 native plugins for Editor in 0.00 ms.
Unloading 1112 Unused Serialized files (Serialized files now loaded: 0)
System memory in use before: 57.0 MB.
System memory in use after: 57.1 MB.

Unloading 4 unused Assets to reduce memory usage. Loaded Objects now: 1571.
Total: 1.420600 ms (FindLiveObjects: 0.137400 ms CreateObjectMapping: 0.029800 ms MarkObjects: 1.239000 ms  DeleteObjects: 0.013000 ms)

========================================================================
Received Prepare
Registering precompiled user dll's ...
Registered in 0.000555 seconds.
Begin MonoManager ReloadAssembly
Native extension for WindowsStandalone target not found
Refreshing native plugins compatible for Editor in 0.23 ms, found 0 plugins.
Preloading 0 native plugins for Editor in 0.00 ms.
Mono: successfully reloaded assembly
- Completed reload, in  0.603 seconds
Platform modules already initialized, skipping
Refreshing native plugins compatible for Editor in 0.21 ms, found 0 plugins.
Preloading 0 native plugins for Editor in 0.00 ms.
Unloading 1112 Unused Serialized files (Serialized files now loaded: 0)
System memory in use before: 57.1 MB.
System memory in use after: 57.2 MB.

Unloading 4 unused Assets to reduce memory usage. Loaded Objects now: 1574.
Total: 1.597900 ms (FindLiveObjects: 0.148700 ms CreateObjectMapping: 0.024100 ms MarkObjects: 1.409500 ms  DeleteObjects: 0.014400 ms)

========================================================================
Received Import Request.
  Time since last request: 72.036403 seconds.
  path: Assets/GifForUnity/Scripts/GifDecoder.cs
  artifactKey: Guid(92f3a80562bb8704294b3052651cf4ec) Importer(815301076,1909f56bfc062723c751e8b465ee728b)
Start importing Assets/GifForUnity/Scripts/GifDecoder.cs using Guid(92f3a80562bb8704294b3052651cf4ec) Importer(815301076,1909f56bfc062723c751e8b465ee728b)  -> (artifact id: '4ab8052c8022177c70b67a5d2ed5bae2') in 0.003437 seconds
  Import took 0.027612 seconds .

========================================================================
Received Prepare
Registering precompiled user dll's ...
Registered in 0.000493 seconds.
Begin MonoManager ReloadAssembly
Native extension for WindowsStandalone target not found
Refreshing native plugins compatible for Editor in 0.25 ms, found 0 plugins.
Preloading 0 native plugins for Editor in 0.00 ms.
Mono: successfully reloaded assembly
- Completed reload, in  0.599 seconds
Platform modules already initialized, skipping
Refreshing native plugins compatible for Editor in 0.23 ms, found 0 plugins.
Preloading 0 native plugins for Editor in 0.00 ms.
Unloading 1112 Unused Serialized files (Serialized files now loaded: 0)
System memory in use before: 57.1 MB.
System memory in use after: 57.2 MB.

Unloading 4 unused Assets to reduce memory usage. Loaded Objects now: 1577.
Total: 1.394400 ms (FindLiveObjects: 0.126100 ms CreateObjectMapping: 0.024900 ms MarkObjects: 1.230200 ms  DeleteObjects: 0.012000 ms)

========================================================================
Received Import Request.
  Time since last request: 251.512650 seconds.
  path: Assets/GifForUnity/Scripts/GifDecoder.cs
  artifactKey: Guid(92f3a80562bb8704294b3052651cf4ec) Importer(815301076,1909f56bfc062723c751e8b465ee728b)
Start importing Assets/GifForUnity/Scripts/GifDecoder.cs using Guid(92f3a80562bb8704294b3052651cf4ec) Importer(815301076,1909f56bfc062723c751e8b465ee728b)  -> (artifact id: 'e627cc253b7b7be925818dcd175f4e71') in 0.003692 seconds
  Import took 0.026203 seconds .

========================================================================
Received Prepare
Registering precompiled user dll's ...
Registered in 0.000590 seconds.
Begin MonoManager ReloadAssembly
Native extension for WindowsStandalone target not found
Refreshing native plugins compatible for Editor in 0.25 ms, found 0 plugins.
Preloading 0 native plugins for Editor in 0.00 ms.
Mono: successfully reloaded assembly
- Completed reload, in  0.654 seconds
Platform modules already initialized, skipping
Refreshing native plugins compatible for Editor in 0.31 ms, found 0 plugins.
Preloading 0 native plugins for Editor in 0.00 ms.
Unloading 1112 Unused Serialized files (Serialized files now loaded: 0)
System memory in use before: 57.1 MB.
System memory in use after: 57.2 MB.

Unloading 4 unused Assets to reduce memory usage. Loaded Objects now: 1580.
Total: 1.516900 ms (FindLiveObjects: 0.152800 ms CreateObjectMapping: 0.025800 ms MarkObjects: 1.323600 ms  DeleteObjects: 0.013500 ms)

========================================================================
Received Prepare
Registering precompiled user dll's ...
Registered in 0.000543 seconds.
Begin MonoManager ReloadAssembly
Native extension for WindowsStandalone target not found
Refreshing native plugins compatible for Editor in 0.26 ms, found 0 plugins.
Preloading 0 native plugins for Editor in 0.00 ms.
Mono: successfully reloaded assembly
- Completed reload, in  0.652 seconds
Platform modules already initialized, skipping
Refreshing native plugins compatible for Editor in 0.27 ms, found 0 plugins.
Preloading 0 native plugins for Editor in 0.00 ms.
Unloading 1112 Unused Serialized files (Serialized files now loaded: 0)
System memory in use before: 57.1 MB.
System memory in use after: 57.2 MB.

Unloading 4 unused Assets to reduce memory usage. Loaded Objects now: 1583.
Total: 1.713600 ms (FindLiveObjects: 0.161600 ms CreateObjectMapping: 0.026700 ms MarkObjects: 1.507500 ms  DeleteObjects: 0.016400 ms)

========================================================================
Received Import Request.
  Time since last request: 149.495084 seconds.
  path: Assets/GifForUnity/Scripts/GifDecoder.cs
  artifactKey: Guid(92f3a80562bb8704294b3052651cf4ec) Importer(815301076,1909f56bfc062723c751e8b465ee728b)
Start importing Assets/GifForUnity/Scripts/GifDecoder.cs using Guid(92f3a80562bb8704294b3052651cf4ec) Importer(815301076,1909f56bfc062723c751e8b465ee728b)  -> (artifact id: '924ee02c9d4a9b2b3493997a937ec3f5') in 0.003750 seconds
  Import took 0.031531 seconds .

========================================================================
Received Prepare
Registering precompiled user dll's ...
Registered in 0.000625 seconds.
Begin MonoManager ReloadAssembly
Native extension for WindowsStandalone target not found
Refreshing native plugins compatible for Editor in 0.27 ms, found 0 plugins.
Preloading 0 native plugins for Editor in 0.00 ms.
Mono: successfully reloaded assembly
- Completed reload, in  0.664 seconds
Platform modules already initialized, skipping
Refreshing native plugins compatible for Editor in 0.27 ms, found 0 plugins.
Preloading 0 native plugins for Editor in 0.00 ms.
Unloading 1112 Unused Serialized files (Serialized files now loaded: 0)
System memory in use before: 57.1 MB.
System memory in use after: 57.2 MB.

Unloading 4 unused Assets to reduce memory usage. Loaded Objects now: 1586.
Total: 1.858700 ms (FindLiveObjects: 0.150900 ms CreateObjectMapping: 0.029000 ms MarkObjects: 1.660700 ms  DeleteObjects: 0.016900 ms)

========================================================================
Received Prepare
Registering precompiled user dll's ...
Registered in 0.000567 seconds.
Begin MonoManager ReloadAssembly
Native extension for WindowsStandalone target not found
Refreshing native plugins compatible for Editor in 0.23 ms, found 0 plugins.
Preloading 0 native plugins for Editor in 0.00 ms.
Mono: successfully reloaded assembly
- Completed reload, in  0.602 seconds
Platform modules already initialized, skipping
Refreshing native plugins compatible for Editor in 0.20 ms, found 0 plugins.
Preloading 0 native plugins for Editor in 0.00 ms.
Unloading 1112 Unused Serialized files (Serialized files now loaded: 0)
System memory in use before: 57.1 MB.
System memory in use after: 57.2 MB.

Unloading 4 unused Assets to reduce memory usage. Loaded Objects now: 1589.
Total: 1.495300 ms (FindLiveObjects: 0.149100 ms CreateObjectMapping: 0.031000 ms MarkObjects: 1.299100 ms  DeleteObjects: 0.014800 ms)

========================================================================
Received Import Request.
  Time since last request: 419.313446 seconds.
  path: Assets/GifForUnity/Scripts/GifDecoder.cs
  artifactKey: Guid(92f3a80562bb8704294b3052651cf4ec) Importer(815301076,1909f56bfc062723c751e8b465ee728b)
Start importing Assets/GifForUnity/Scripts/GifDecoder.cs using Guid(92f3a80562bb8704294b3052651cf4ec) Importer(815301076,1909f56bfc062723c751e8b465ee728b)  -> (artifact id: 'dfea21e119542488597e6463cbd3693e') in 0.003789 seconds
  Import took 0.016431 seconds .

========================================================================
Received Prepare
Registering precompiled user dll's ...
Registered in 0.000640 seconds.
Begin MonoManager ReloadAssembly
Native extension for WindowsStandalone target not found
Refreshing native plugins compatible for Editor in 0.24 ms, found 0 plugins.
Preloading 0 native plugins for Editor in 0.00 ms.
Mono: successfully reloaded assembly
- Completed reload, in  0.683 seconds
Platform modules already initialized, skipping
Refreshing native plugins compatible for Editor in 0.30 ms, found 0 plugins.
Preloading 0 native plugins for Editor in 0.00 ms.
Unloading 1112 Unused Serialized files (Serialized files now loaded: 0)
System memory in use before: 57.1 MB.
System memory in use after: 57.2 MB.

Unloading 4 unused Assets to reduce memory usage. Loaded Objects now: 1592.
Total: 1.669000 ms (FindLiveObjects: 0.186000 ms CreateObjectMapping: 0.027600 ms MarkObjects: 1.440700 ms  DeleteObjects: 0.013400 ms)

========================================================================
Received Prepare
Registering precompiled user dll's ...
Registered in 0.000489 seconds.
Begin MonoManager ReloadAssembly
Native extension for WindowsStandalone target not found
Refreshing native plugins compatible for Editor in 0.27 ms, found 0 plugins.
Preloading 0 native plugins for Editor in 0.00 ms.
Mono: successfully reloaded assembly
- Completed reload, in  0.637 seconds
Platform modules already initialized, skipping
Refreshing native plugins compatible for Editor in 0.21 ms, found 0 plugins.
Preloading 0 native plugins for Editor in 0.00 ms.
Unloading 1112 Unused Serialized files (Serialized files now loaded: 0)
System memory in use before: 57.1 MB.
System memory in use after: 57.2 MB.

Unloading 4 unused Assets to reduce memory usage. Loaded Objects now: 1595.
Total: 1.432100 ms (FindLiveObjects: 0.138500 ms CreateObjectMapping: 0.030000 ms MarkObjects: 1.249900 ms  DeleteObjects: 0.012500 ms)

========================================================================
Received Import Request.
  Time since last request: 83.187412 seconds.
  path: Assets/GifForUnity/Scripts/GifDecoder.cs
  artifactKey: Guid(92f3a80562bb8704294b3052651cf4ec) Importer(815301076,1909f56bfc062723c751e8b465ee728b)
Start importing Assets/GifForUnity/Scripts/GifDecoder.cs using Guid(92f3a80562bb8704294b3052651cf4ec) Importer(815301076,1909f56bfc062723c751e8b465ee728b)  -> (artifact id: '05b62bc3ff3d4e89981b42c92e8c7cd7') in 0.003606 seconds
  Import took 0.005480 seconds .

========================================================================
Received Prepare
Registering precompiled user dll's ...
Registered in 0.000498 seconds.
Begin MonoManager ReloadAssembly
Native extension for WindowsStandalone target not found
Refreshing native plugins compatible for Editor in 0.23 ms, found 0 plugins.
Preloading 0 native plugins for Editor in 0.00 ms.
Mono: successfully reloaded assembly
- Completed reload, in  0.611 seconds
Platform modules already initialized, skipping
Refreshing native plugins compatible for Editor in 0.21 ms, found 0 plugins.
Preloading 0 native plugins for Editor in 0.00 ms.
Unloading 1112 Unused Serialized files (Serialized files now loaded: 0)
System memory in use before: 57.1 MB.
System memory in use after: 57.2 MB.

Unloading 4 unused Assets to reduce memory usage. Loaded Objects now: 1598.
Total: 1.413200 ms (FindLiveObjects: 0.136300 ms CreateObjectMapping: 0.026000 ms MarkObjects: 1.236700 ms  DeleteObjects: 0.013100 ms)

========================================================================
Received Import Request.
  Time since last request: 44.359633 seconds.
  path: Assets/GifForUnity/Scripts/GifDecoder.cs
  artifactKey: Guid(92f3a80562bb8704294b3052651cf4ec) Importer(815301076,1909f56bfc062723c751e8b465ee728b)
Start importing Assets/GifForUnity/Scripts/GifDecoder.cs using Guid(92f3a80562bb8704294b3052651cf4ec) Importer(815301076,1909f56bfc062723c751e8b465ee728b)  -> (artifact id: '9fd3b89e0872be63739589806ba73c10') in 0.003609 seconds
  Import took 0.019466 seconds .

========================================================================
Received Prepare
Registering precompiled user dll's ...
Registered in 0.000500 seconds.
Begin MonoManager ReloadAssembly
Native extension for WindowsStandalone target not found
Refreshing native plugins compatible for Editor in 0.25 ms, found 0 plugins.
Preloading 0 native plugins for Editor in 0.00 ms.
Mono: successfully reloaded assembly
- Completed reload, in  0.601 seconds
Platform modules already initialized, skipping
Refreshing native plugins compatible for Editor in 0.24 ms, found 0 plugins.
Preloading 0 native plugins for Editor in 0.00 ms.
Unloading 1112 Unused Serialized files (Serialized files now loaded: 0)
System memory in use before: 57.1 MB.
System memory in use after: 57.2 MB.

Unloading 4 unused Assets to reduce memory usage. Loaded Objects now: 1601.
Total: 1.535400 ms (FindLiveObjects: 0.156400 ms CreateObjectMapping: 0.026000 ms MarkObjects: 1.337800 ms  DeleteObjects: 0.013600 ms)

========================================================================
Received Import Request.
  Time since last request: 98.931326 seconds.
  path: Assets/GifForUnity/Scripts/GifDecoder.cs
  artifactKey: Guid(92f3a80562bb8704294b3052651cf4ec) Importer(815301076,1909f56bfc062723c751e8b465ee728b)
Start importing Assets/GifForUnity/Scripts/GifDecoder.cs using Guid(92f3a80562bb8704294b3052651cf4ec) Importer(815301076,1909f56bfc062723c751e8b465ee728b)  -> (artifact id: '262f91dd23a1cb7fe08071d1d43aaf95') in 0.003920 seconds
  Import took 0.013184 seconds .

========================================================================
Received Import Request.
  Time since last request: 1.712198 seconds.
  path: Assets/GifForUnity/Scripts/GifDecoder.cs
  artifactKey: Guid(92f3a80562bb8704294b3052651cf4ec) Importer(815301076,1909f56bfc062723c751e8b465ee728b)
Start importing Assets/GifForUnity/Scripts/GifDecoder.cs using Guid(92f3a80562bb8704294b3052651cf4ec) Importer(815301076,1909f56bfc062723c751e8b465ee728b)  -> (artifact id: '262f91dd23a1cb7fe08071d1d43aaf95') in 0.001634 seconds
  Import took 0.003224 seconds .

========================================================================
Received Prepare
Registering precompiled user dll's ...
Registered in 0.000632 seconds.
Begin MonoManager ReloadAssembly
Native extension for WindowsStandalone target not found
Refreshing native plugins compatible for Editor in 0.25 ms, found 0 plugins.
Preloading 0 native plugins for Editor in 0.00 ms.
Mono: successfully reloaded assembly
- Completed reload, in  0.698 seconds
Platform modules already initialized, skipping
Refreshing native plugins compatible for Editor in 0.26 ms, found 0 plugins.
Preloading 0 native plugins for Editor in 0.00 ms.
Unloading 1112 Unused Serialized files (Serialized files now loaded: 0)
System memory in use before: 57.1 MB.
System memory in use after: 57.2 MB.

Unloading 4 unused Assets to reduce memory usage. Loaded Objects now: 1604.
Total: 1.589700 ms (FindLiveObjects: 0.203100 ms CreateObjectMapping: 0.046400 ms MarkObjects: 1.326000 ms  DeleteObjects: 0.013300 ms)

========================================================================
Received Prepare
Registering precompiled user dll's ...
Registered in 0.000520 seconds.
Begin MonoManager ReloadAssembly
Native extension for WindowsStandalone target not found
Refreshing native plugins compatible for Editor in 0.26 ms, found 0 plugins.
Preloading 0 native plugins for Editor in 0.00 ms.
Mono: successfully reloaded assembly
- Completed reload, in  0.637 seconds
Platform modules already initialized, skipping
Refreshing native plugins compatible for Editor in 0.23 ms, found 0 plugins.
Preloading 0 native plugins for Editor in 0.00 ms.
Unloading 1112 Unused Serialized files (Serialized files now loaded: 0)
System memory in use before: 57.1 MB.
System memory in use after: 57.2 MB.

Unloading 4 unused Assets to reduce memory usage. Loaded Objects now: 1607.
Total: 2.166700 ms (FindLiveObjects: 0.334200 ms CreateObjectMapping: 0.053200 ms MarkObjects: 1.762600 ms  DeleteObjects: 0.014700 ms)

========================================================================
Received Import Request.
  Time since last request: 420.896543 seconds.
  path: Assets/GifForUnity/Scripts/GifDecoder.cs
  artifactKey: Guid(92f3a80562bb8704294b3052651cf4ec) Importer(815301076,1909f56bfc062723c751e8b465ee728b)
Start importing Assets/GifForUnity/Scripts/GifDecoder.cs using Guid(92f3a80562bb8704294b3052651cf4ec) Importer(815301076,1909f56bfc062723c751e8b465ee728b)  -> (artifact id: '0d7adf7349fb989bbf5d15441db4d69c') in 0.003999 seconds
  Import took 0.005677 seconds .

========================================================================
Received Prepare
Registering precompiled user dll's ...
Registered in 0.000575 seconds.
Begin MonoManager ReloadAssembly
Native extension for WindowsStandalone target not found
Refreshing native plugins compatible for Editor in 0.25 ms, found 0 plugins.
Preloading 0 native plugins for Editor in 0.00 ms.
Mono: successfully reloaded assembly
- Completed reload, in  0.646 seconds
Platform modules already initialized, skipping
Refreshing native plugins compatible for Editor in 0.29 ms, found 0 plugins.
Preloading 0 native plugins for Editor in 0.00 ms.
Unloading 1112 Unused Serialized files (Serialized files now loaded: 0)
System memory in use before: 57.1 MB.
System memory in use after: 57.2 MB.

Unloading 4 unused Assets to reduce memory usage. Loaded Objects now: 1610.
Total: 1.634300 ms (FindLiveObjects: 0.173300 ms CreateObjectMapping: 0.024900 ms MarkObjects: 1.417100 ms  DeleteObjects: 0.017600 ms)

========================================================================
Received Prepare
Registering precompiled user dll's ...
Registered in 0.000502 seconds.
Begin MonoManager ReloadAssembly
Native extension for WindowsStandalone target not found
Refreshing native plugins compatible for Editor in 0.23 ms, found 0 plugins.
Preloading 0 native plugins for Editor in 0.00 ms.
Mono: successfully reloaded assembly
- Completed reload, in  0.609 seconds
Platform modules already initialized, skipping
Refreshing native plugins compatible for Editor in 0.17 ms, found 0 plugins.
Preloading 0 native plugins for Editor in 0.00 ms.
Unloading 1112 Unused Serialized files (Serialized files now loaded: 0)
System memory in use before: 57.1 MB.
System memory in use after: 57.2 MB.

Unloading 4 unused Assets to reduce memory usage. Loaded Objects now: 1613.
Total: 1.467700 ms (FindLiveObjects: 0.139600 ms CreateObjectMapping: 0.030200 ms MarkObjects: 1.283900 ms  DeleteObjects: 0.012800 ms)

========================================================================
Received Import Request.
  Time since last request: 347.014352 seconds.
  path: Assets/GifForUnity/Scripts/GifDecoder.cs
  artifactKey: Guid(92f3a80562bb8704294b3052651cf4ec) Importer(815301076,1909f56bfc062723c751e8b465ee728b)
Start importing Assets/GifForUnity/Scripts/GifDecoder.cs using Guid(92f3a80562bb8704294b3052651cf4ec) Importer(815301076,1909f56bfc062723c751e8b465ee728b)  -> (artifact id: 'c726015c80e16f15250f3c38e87e7c99') in 0.004059 seconds
  Import took 0.005748 seconds .

========================================================================
Received Prepare
Registering precompiled user dll's ...
Registered in 0.000452 seconds.
Begin MonoManager ReloadAssembly
Native extension for WindowsStandalone target not found
Refreshing native plugins compatible for Editor in 0.23 ms, found 0 plugins.
Preloading 0 native plugins for Editor in 0.00 ms.
Mono: successfully reloaded assembly
- Completed reload, in  0.601 seconds
Platform modules already initialized, skipping
Refreshing native plugins compatible for Editor in 0.25 ms, found 0 plugins.
Preloading 0 native plugins for Editor in 0.00 ms.
Unloading 1112 Unused Serialized files (Serialized files now loaded: 0)
System memory in use before: 57.1 MB.
System memory in use after: 57.2 MB.

Unloading 4 unused Assets to reduce memory usage. Loaded Objects now: 1616.
Total: 1.534800 ms (FindLiveObjects: 0.153700 ms CreateObjectMapping: 0.024800 ms MarkObjects: 1.337700 ms  DeleteObjects: 0.017600 ms)

========================================================================
Received Import Request.
  Time since last request: 29.153696 seconds.
  path: Assets/GifForUnity/Scripts/GifDecoder.cs
  artifactKey: Guid(92f3a80562bb8704294b3052651cf4ec) Importer(815301076,1909f56bfc062723c751e8b465ee728b)
Start importing Assets/GifForUnity/Scripts/GifDecoder.cs using Guid(92f3a80562bb8704294b3052651cf4ec) Importer(815301076,1909f56bfc062723c751e8b465ee728b)  -> (artifact id: 'eb1233c948fb1eacc98f31096f358db4') in 0.003547 seconds
  Import took 0.005313 seconds .

========================================================================
Received Prepare
Registering precompiled user dll's ...
Registered in 0.000472 seconds.
Begin MonoManager ReloadAssembly
Native extension for WindowsStandalone target not found
Refreshing native plugins compatible for Editor in 0.24 ms, found 0 plugins.
Preloading 0 native plugins for Editor in 0.00 ms.
Mono: successfully reloaded assembly
- Completed reload, in  0.642 seconds
Platform modules already initialized, skipping
Refreshing native plugins compatible for Editor in 0.37 ms, found 0 plugins.
Preloading 0 native plugins for Editor in 0.00 ms.
Unloading 1112 Unused Serialized files (Serialized files now loaded: 0)
System memory in use before: 57.1 MB.
System memory in use after: 57.2 MB.

Unloading 4 unused Assets to reduce memory usage. Loaded Objects now: 1619.
Total: 2.012100 ms (FindLiveObjects: 0.221900 ms CreateObjectMapping: 0.029500 ms MarkObjects: 1.736800 ms  DeleteObjects: 0.021500 ms)

========================================================================
Received Prepare
Registering precompiled user dll's ...
Registered in 0.000423 seconds.
Begin MonoManager ReloadAssembly
Native extension for WindowsStandalone target not found
Refreshing native plugins compatible for Editor in 0.24 ms, found 0 plugins.
Preloading 0 native plugins for Editor in 0.00 ms.
Mono: successfully reloaded assembly
- Completed reload, in  0.601 seconds
Platform modules already initialized, skipping
Refreshing native plugins compatible for Editor in 0.29 ms, found 0 plugins.
Preloading 0 native plugins for Editor in 0.00 ms.
Unloading 1112 Unused Serialized files (Serialized files now loaded: 0)
System memory in use before: 57.2 MB.
System memory in use after: 57.3 MB.

Unloading 4 unused Assets to reduce memory usage. Loaded Objects now: 1622.
Total: 1.554600 ms (FindLiveObjects: 0.154900 ms CreateObjectMapping: 0.025500 ms MarkObjects: 1.357100 ms  DeleteObjects: 0.016100 ms)

========================================================================
Received Prepare
Registering precompiled user dll's ...
Registered in 0.000493 seconds.
Begin MonoManager ReloadAssembly
Native extension for WindowsStandalone target not found
Refreshing native plugins compatible for Editor in 0.23 ms, found 0 plugins.
Preloading 0 native plugins for Editor in 0.00 ms.
Mono: successfully reloaded assembly
- Completed reload, in  0.604 seconds
Platform modules already initialized, skipping
Refreshing native plugins compatible for Editor in 0.20 ms, found 0 plugins.
Preloading 0 native plugins for Editor in 0.00 ms.
Unloading 1112 Unused Serialized files (Serialized files now loaded: 0)
System memory in use before: 57.2 MB.
System memory in use after: 57.3 MB.

Unloading 4 unused Assets to reduce memory usage. Loaded Objects now: 1625.
Total: 1.589300 ms (FindLiveObjects: 0.160000 ms CreateObjectMapping: 0.025400 ms MarkObjects: 1.386600 ms  DeleteObjects: 0.016400 ms)

========================================================================
Received Import Request.
  Time since last request: 270.725785 seconds.
  path: Assets/GifForUnity/Scripts/GifDecoder.cs
  artifactKey: Guid(92f3a80562bb8704294b3052651cf4ec) Importer(815301076,1909f56bfc062723c751e8b465ee728b)
Start importing Assets/GifForUnity/Scripts/GifDecoder.cs using Guid(92f3a80562bb8704294b3052651cf4ec) Importer(815301076,1909f56bfc062723c751e8b465ee728b)  -> (artifact id: '274ea18b10cff1d536f5f79093687bc6') in 0.004307 seconds
  Import took 0.006123 seconds .

========================================================================
Received Prepare
Registering precompiled user dll's ...
Registered in 0.000459 seconds.
Begin MonoManager ReloadAssembly
Native extension for WindowsStandalone target not found
Refreshing native plugins compatible for Editor in 0.25 ms, found 0 plugins.
Preloading 0 native plugins for Editor in 0.00 ms.
Mono: successfully reloaded assembly
- Completed reload, in  0.593 seconds
Platform modules already initialized, skipping
Refreshing native plugins compatible for Editor in 0.23 ms, found 0 plugins.
Preloading 0 native plugins for Editor in 0.00 ms.
Unloading 1112 Unused Serialized files (Serialized files now loaded: 0)
System memory in use before: 57.2 MB.
System memory in use after: 57.3 MB.

Unloading 4 unused Assets to reduce memory usage. Loaded Objects now: 1628.
Total: 1.542000 ms (FindLiveObjects: 0.150300 ms CreateObjectMapping: 0.024900 ms MarkObjects: 1.351500 ms  DeleteObjects: 0.014300 ms)

========================================================================
Received Prepare
Registering precompiled user dll's ...
Registered in 0.000478 seconds.
Begin MonoManager ReloadAssembly
Native extension for WindowsStandalone target not found
Refreshing native plugins compatible for Editor in 0.24 ms, found 0 plugins.
Preloading 0 native plugins for Editor in 0.00 ms.
Mono: successfully reloaded assembly
- Completed reload, in  0.595 seconds
Platform modules already initialized, skipping
Refreshing native plugins compatible for Editor in 0.20 ms, found 0 plugins.
Preloading 0 native plugins for Editor in 0.00 ms.
Unloading 1112 Unused Serialized files (Serialized files now loaded: 0)
System memory in use before: 57.2 MB.
System memory in use after: 57.3 MB.

Unloading 4 unused Assets to reduce memory usage. Loaded Objects now: 1631.
Total: 1.477700 ms (FindLiveObjects: 0.143800 ms CreateObjectMapping: 0.030500 ms MarkObjects: 1.290000 ms  DeleteObjects: 0.012200 ms)

========================================================================
Received Import Request.
  Time since last request: 191.129879 seconds.
  path: Assets/GifForUnity/Scripts/GifDecoder.cs
  artifactKey: Guid(92f3a80562bb8704294b3052651cf4ec) Importer(815301076,1909f56bfc062723c751e8b465ee728b)
Start importing Assets/GifForUnity/Scripts/GifDecoder.cs using Guid(92f3a80562bb8704294b3052651cf4ec) Importer(815301076,1909f56bfc062723c751e8b465ee728b)  -> (artifact id: '74f1ed17d59ef07ff4407a061b759d17') in 0.003638 seconds
  Import took 0.005096 seconds .

========================================================================
Received Prepare
Registering precompiled user dll's ...
Registered in 0.000552 seconds.
Begin MonoManager ReloadAssembly
Native extension for WindowsStandalone target not found
Refreshing native plugins compatible for Editor in 0.25 ms, found 0 plugins.
Preloading 0 native plugins for Editor in 0.00 ms.
Mono: successfully reloaded assembly
- Completed reload, in  0.592 seconds
Platform modules already initialized, skipping
Refreshing native plugins compatible for Editor in 0.19 ms, found 0 plugins.
Preloading 0 native plugins for Editor in 0.00 ms.
Unloading 1112 Unused Serialized files (Serialized files now loaded: 0)
System memory in use before: 57.2 MB.
System memory in use after: 57.3 MB.

Unloading 4 unused Assets to reduce memory usage. Loaded Objects now: 1634.
Total: 1.427500 ms (FindLiveObjects: 0.134400 ms CreateObjectMapping: 0.025900 ms MarkObjects: 1.253300 ms  DeleteObjects: 0.012900 ms)

========================================================================
Received Prepare
Registering precompiled user dll's ...
Registered in 0.000501 seconds.
Begin MonoManager ReloadAssembly
Native extension for WindowsStandalone target not found
Refreshing native plugins compatible for Editor in 0.24 ms, found 0 plugins.
Preloading 0 native plugins for Editor in 0.00 ms.
Mono: successfully reloaded assembly
- Completed reload, in  0.612 seconds
Platform modules already initialized, skipping
Refreshing native plugins compatible for Editor in 0.31 ms, found 0 plugins.
Preloading 0 native plugins for Editor in 0.00 ms.
Unloading 1112 Unused Serialized files (Serialized files now loaded: 0)
System memory in use before: 57.2 MB.
System memory in use after: 57.3 MB.

Unloading 4 unused Assets to reduce memory usage. Loaded Objects now: 1637.
Total: 1.517100 ms (FindLiveObjects: 0.158100 ms CreateObjectMapping: 0.026400 ms MarkObjects: 1.318700 ms  DeleteObjects: 0.012700 ms)

========================================================================
Received Import Request.
  Time since last request: 51.195261 seconds.
  path: Assets/GifForUnity/Scripts/GifDecoder.cs
  artifactKey: Guid(92f3a80562bb8704294b3052651cf4ec) Importer(815301076,1909f56bfc062723c751e8b465ee728b)
Start importing Assets/GifForUnity/Scripts/GifDecoder.cs using Guid(92f3a80562bb8704294b3052651cf4ec) Importer(815301076,1909f56bfc062723c751e8b465ee728b)  -> (artifact id: '1ba64a0e5b6192b0c0879fafb54633f7') in 0.003595 seconds
  Import took 0.005351 seconds .

========================================================================
Received Prepare
Registering precompiled user dll's ...
Registered in 0.000405 seconds.
Begin MonoManager ReloadAssembly
Native extension for WindowsStandalone target not found
Refreshing native plugins compatible for Editor in 0.25 ms, found 0 plugins.
Preloading 0 native plugins for Editor in 0.00 ms.
Mono: successfully reloaded assembly
- Completed reload, in  0.611 seconds
Platform modules already initialized, skipping
Refreshing native plugins compatible for Editor in 0.24 ms, found 0 plugins.
Preloading 0 native plugins for Editor in 0.00 ms.
Unloading 1112 Unused Serialized files (Serialized files now loaded: 0)
System memory in use before: 57.2 MB.
System memory in use after: 57.3 MB.

Unloading 4 unused Assets to reduce memory usage. Loaded Objects now: 1640.
Total: 1.672900 ms (FindLiveObjects: 0.167700 ms CreateObjectMapping: 0.025500 ms MarkObjects: 1.461900 ms  DeleteObjects: 0.016700 ms)

========================================================================
Received Prepare
Registering precompiled user dll's ...
Registered in 0.000454 seconds.
Begin MonoManager ReloadAssembly
Native extension for WindowsStandalone target not found
Refreshing native plugins compatible for Editor in 0.23 ms, found 0 plugins.
Preloading 0 native plugins for Editor in 0.00 ms.
Mono: successfully reloaded assembly
- Completed reload, in  0.591 seconds
Platform modules already initialized, skipping
Refreshing native plugins compatible for Editor in 0.22 ms, found 0 plugins.
Preloading 0 native plugins for Editor in 0.00 ms.
Unloading 1112 Unused Serialized files (Serialized files now loaded: 0)
System memory in use before: 57.2 MB.
System memory in use after: 57.3 MB.

Unloading 4 unused Assets to reduce memory usage. Loaded Objects now: 1643.
Total: 1.515100 ms (FindLiveObjects: 0.151300 ms CreateObjectMapping: 0.027200 ms MarkObjects: 1.323200 ms  DeleteObjects: 0.012400 ms)

========================================================================
Received Import Request.
  Time since last request: 1049.161862 seconds.
  path: Assets/GifForUnity/Scripts/GifDecoder.cs
  artifactKey: Guid(92f3a80562bb8704294b3052651cf4ec) Importer(815301076,1909f56bfc062723c751e8b465ee728b)
Start importing Assets/GifForUnity/Scripts/GifDecoder.cs using Guid(92f3a80562bb8704294b3052651cf4ec) Importer(815301076,1909f56bfc062723c751e8b465ee728b)  -> (artifact id: '34e8ff4592390f28485331cf073053e6') in 0.004015 seconds
  Import took 0.005655 seconds .

========================================================================
Received Prepare
Registering precompiled user dll's ...
Registered in 0.000622 seconds.
Begin MonoManager ReloadAssembly
Native extension for WindowsStandalone target not found
Refreshing native plugins compatible for Editor in 0.25 ms, found 0 plugins.
Preloading 0 native plugins for Editor in 0.00 ms.
Mono: successfully reloaded assembly
- Completed reload, in  0.677 seconds
Platform modules already initialized, skipping
Refreshing native plugins compatible for Editor in 0.25 ms, found 0 plugins.
Preloading 0 native plugins for Editor in 0.00 ms.
Unloading 1112 Unused Serialized files (Serialized files now loaded: 0)
System memory in use before: 57.2 MB.
System memory in use after: 57.3 MB.

Unloading 4 unused Assets to reduce memory usage. Loaded Objects now: 1646.
Total: 1.634700 ms (FindLiveObjects: 0.168600 ms CreateObjectMapping: 0.025600 ms MarkObjects: 1.424500 ms  DeleteObjects: 0.014800 ms)

========================================================================
Received Prepare
Registering precompiled user dll's ...
Registered in 0.000490 seconds.
Begin MonoManager ReloadAssembly
Native extension for WindowsStandalone target not found
Refreshing native plugins compatible for Editor in 0.23 ms, found 0 plugins.
Preloading 0 native plugins for Editor in 0.00 ms.
Mono: successfully reloaded assembly
- Completed reload, in  0.600 seconds
Platform modules already initialized, skipping
Refreshing native plugins compatible for Editor in 0.21 ms, found 0 plugins.
Preloading 0 native plugins for Editor in 0.00 ms.
Unloading 1112 Unused Serialized files (Serialized files now loaded: 0)
System memory in use before: 57.2 MB.
System memory in use after: 57.3 MB.

Unloading 4 unused Assets to reduce memory usage. Loaded Objects now: 1649.
Total: 1.564900 ms (FindLiveObjects: 0.144900 ms CreateObjectMapping: 0.025000 ms MarkObjects: 1.377800 ms  DeleteObjects: 0.016400 ms)

========================================================================
Received Import Request.
  Time since last request: 70.115357 seconds.
  path: Assets/GifForUnity/Scripts/GifDecoder.cs
  artifactKey: Guid(92f3a80562bb8704294b3052651cf4ec) Importer(815301076,1909f56bfc062723c751e8b465ee728b)
Start importing Assets/GifForUnity/Scripts/GifDecoder.cs using Guid(92f3a80562bb8704294b3052651cf4ec) Importer(815301076,1909f56bfc062723c751e8b465ee728b)  -> (artifact id: '93b75845607a209ea9376d06a9940d27') in 0.003570 seconds
  Import took 0.016703 seconds .

========================================================================
Received Prepare
Registering precompiled user dll's ...
Registered in 0.000495 seconds.
Begin MonoManager ReloadAssembly
Native extension for WindowsStandalone target not found
Refreshing native plugins compatible for Editor in 0.24 ms, found 0 plugins.
Preloading 0 native plugins for Editor in 0.00 ms.
Mono: successfully reloaded assembly
- Completed reload, in  0.609 seconds
Platform modules already initialized, skipping
Refreshing native plugins compatible for Editor in 0.22 ms, found 0 plugins.
Preloading 0 native plugins for Editor in 0.00 ms.
Unloading 1112 Unused Serialized files (Serialized files now loaded: 0)
System memory in use before: 57.2 MB.
System memory in use after: 57.3 MB.

Unloading 4 unused Assets to reduce memory usage. Loaded Objects now: 1652.
Total: 1.602700 ms (FindLiveObjects: 0.163100 ms CreateObjectMapping: 0.025800 ms MarkObjects: 1.396700 ms  DeleteObjects: 0.016000 ms)

========================================================================
Received Import Request.
  Time since last request: 71.570111 seconds.
  path: Assets/GifForUnity/Scripts/GifDecoder.cs
  artifactKey: Guid(92f3a80562bb8704294b3052651cf4ec) Importer(815301076,1909f56bfc062723c751e8b465ee728b)
Start importing Assets/GifForUnity/Scripts/GifDecoder.cs using Guid(92f3a80562bb8704294b3052651cf4ec) Importer(815301076,1909f56bfc062723c751e8b465ee728b)  -> (artifact id: '5ebd0ceb3c2c92885c477b44d1d8c1cd') in 0.004236 seconds
  Import took 0.006048 seconds .

========================================================================
Received Prepare
Registering precompiled user dll's ...
Registered in 0.000501 seconds.
Begin MonoManager ReloadAssembly
Native extension for WindowsStandalone target not found
Refreshing native plugins compatible for Editor in 0.24 ms, found 0 plugins.
Preloading 0 native plugins for Editor in 0.00 ms.
Mono: successfully reloaded assembly
- Completed reload, in  0.628 seconds
Platform modules already initialized, skipping
Refreshing native plugins compatible for Editor in 0.25 ms, found 0 plugins.
Preloading 0 native plugins for Editor in 0.00 ms.
Unloading 1112 Unused Serialized files (Serialized files now loaded: 0)
System memory in use before: 57.2 MB.
System memory in use after: 57.3 MB.

Unloading 4 unused Assets to reduce memory usage. Loaded Objects now: 1655.
Total: 1.573300 ms (FindLiveObjects: 0.169000 ms CreateObjectMapping: 0.025300 ms MarkObjects: 1.362100 ms  DeleteObjects: 0.015600 ms)

========================================================================
Received Import Request.
  Time since last request: 8.612959 seconds.
  path: Assets/GifForUnity/Scripts/GifDecoder.cs
  artifactKey: Guid(92f3a80562bb8704294b3052651cf4ec) Importer(815301076,1909f56bfc062723c751e8b465ee728b)
Start importing Assets/GifForUnity/Scripts/GifDecoder.cs using Guid(92f3a80562bb8704294b3052651cf4ec) Importer(815301076,1909f56bfc062723c751e8b465ee728b)  -> (artifact id: '9113e1de674c775ffdb0fef0dddff8af') in 0.003474 seconds
  Import took 0.010338 seconds .

========================================================================
Received Prepare
Registering precompiled user dll's ...
Registered in 0.000572 seconds.
Begin MonoManager ReloadAssembly
Native extension for WindowsStandalone target not found
Refreshing native plugins compatible for Editor in 0.27 ms, found 0 plugins.
Preloading 0 native plugins for Editor in 0.00 ms.
Mono: successfully reloaded assembly
- Completed reload, in  0.645 seconds
Platform modules already initialized, skipping
Refreshing native plugins compatible for Editor in 0.26 ms, found 0 plugins.
Preloading 0 native plugins for Editor in 0.00 ms.
Unloading 1112 Unused Serialized files (Serialized files now loaded: 0)
System memory in use before: 57.2 MB.
System memory in use after: 57.3 MB.

Unloading 4 unused Assets to reduce memory usage. Loaded Objects now: 1658.
Total: 1.943000 ms (FindLiveObjects: 0.208700 ms CreateObjectMapping: 0.030000 ms MarkObjects: 1.684200 ms  DeleteObjects: 0.017500 ms)

========================================================================
Received Prepare
Registering precompiled user dll's ...
Registered in 0.000556 seconds.
Begin MonoManager ReloadAssembly
Native extension for WindowsStandalone target not found
Refreshing native plugins compatible for Editor in 0.25 ms, found 0 plugins.
Preloading 0 native plugins for Editor in 0.00 ms.
Mono: successfully reloaded assembly
- Completed reload, in  0.604 seconds
Platform modules already initialized, skipping
Refreshing native plugins compatible for Editor in 0.18 ms, found 0 plugins.
Preloading 0 native plugins for Editor in 0.00 ms.
Unloading 1112 Unused Serialized files (Serialized files now loaded: 0)
System memory in use before: 57.2 MB.
System memory in use after: 57.3 MB.

Unloading 4 unused Assets to reduce memory usage. Loaded Objects now: 1661.
Total: 1.553400 ms (FindLiveObjects: 0.159100 ms CreateObjectMapping: 0.030800 ms MarkObjects: 1.349200 ms  DeleteObjects: 0.012900 ms)

========================================================================
Received Import Request.
  Time since last request: 214.026978 seconds.
  path: Assets/GifForUnity/Scripts/GifDecoder.cs
  artifactKey: Guid(92f3a80562bb8704294b3052651cf4ec) Importer(815301076,1909f56bfc062723c751e8b465ee728b)
Start importing Assets/GifForUnity/Scripts/GifDecoder.cs using Guid(92f3a80562bb8704294b3052651cf4ec) Importer(815301076,1909f56bfc062723c751e8b465ee728b)  -> (artifact id: '4c290179478873cd185ed8e674ff7d86') in 0.003767 seconds
  Import took 0.005381 seconds .

========================================================================
Received Import Request.
  Time since last request: 1.566445 seconds.
  path: Assets/GifForUnity/Scripts/GifDecoder.cs
  artifactKey: Guid(92f3a80562bb8704294b3052651cf4ec) Importer(815301076,1909f56bfc062723c751e8b465ee728b)
Start importing Assets/GifForUnity/Scripts/GifDecoder.cs using Guid(92f3a80562bb8704294b3052651cf4ec) Importer(815301076,1909f56bfc062723c751e8b465ee728b)  -> (artifact id: '4c290179478873cd185ed8e674ff7d86') in 0.001981 seconds
  Import took 0.003598 seconds .

========================================================================
Received Prepare
Registering precompiled user dll's ...
Registered in 0.000424 seconds.
Begin MonoManager ReloadAssembly
Native extension for WindowsStandalone target not found
Refreshing native plugins compatible for Editor in 0.23 ms, found 0 plugins.
Preloading 0 native plugins for Editor in 0.00 ms.
Mono: successfully reloaded assembly
- Completed reload, in  0.580 seconds
Platform modules already initialized, skipping
Refreshing native plugins compatible for Editor in 0.19 ms, found 0 plugins.
Preloading 0 native plugins for Editor in 0.00 ms.
Unloading 1112 Unused Serialized files (Serialized files now loaded: 0)
System memory in use before: 57.2 MB.
System memory in use after: 57.3 MB.

Unloading 4 unused Assets to reduce memory usage. Loaded Objects now: 1664.
Total: 1.613000 ms (FindLiveObjects: 0.160200 ms CreateObjectMapping: 0.025700 ms MarkObjects: 1.409600 ms  DeleteObjects: 0.016400 ms)

========================================================================
Received Prepare
Registering precompiled user dll's ...
Registered in 0.000464 seconds.
Begin MonoManager ReloadAssembly
Native extension for WindowsStandalone target not found
Refreshing native plugins compatible for Editor in 0.25 ms, found 0 plugins.
Preloading 0 native plugins for Editor in 0.00 ms.
Mono: successfully reloaded assembly
- Completed reload, in  0.593 seconds
Platform modules already initialized, skipping
Refreshing native plugins compatible for Editor in 0.23 ms, found 0 plugins.
Preloading 0 native plugins for Editor in 0.00 ms.
Unloading 1112 Unused Serialized files (Serialized files now loaded: 0)
System memory in use before: 57.2 MB.
System memory in use after: 57.3 MB.

Unloading 4 unused Assets to reduce memory usage. Loaded Objects now: 1667.
Total: 1.563300 ms (FindLiveObjects: 0.157900 ms CreateObjectMapping: 0.025000 ms MarkObjects: 1.364700 ms  DeleteObjects: 0.014700 ms)

========================================================================
Received Import Request.
  Time since last request: 244.742300 seconds.
  path: Assets/GifForUnity/Scripts/GifDecoder.cs
  artifactKey: Guid(92f3a80562bb8704294b3052651cf4ec) Importer(815301076,1909f56bfc062723c751e8b465ee728b)
Start importing Assets/GifForUnity/Scripts/GifDecoder.cs using Guid(92f3a80562bb8704294b3052651cf4ec) Importer(815301076,1909f56bfc062723c751e8b465ee728b)  -> (artifact id: '8d09a4484da7d41df525c53c44fdc6cb') in 0.003571 seconds
  Import took 0.019346 seconds .

========================================================================
Received Prepare
Registering precompiled user dll's ...
Registered in 0.000426 seconds.
Begin MonoManager ReloadAssembly
Native extension for WindowsStandalone target not found
Refreshing native plugins compatible for Editor in 0.23 ms, found 0 plugins.
Preloading 0 native plugins for Editor in 0.00 ms.
Mono: successfully reloaded assembly
- Completed reload, in  0.587 seconds
Platform modules already initialized, skipping
Refreshing native plugins compatible for Editor in 0.23 ms, found 0 plugins.
Preloading 0 native plugins for Editor in 0.00 ms.
Unloading 1112 Unused Serialized files (Serialized files now loaded: 0)
System memory in use before: 57.2 MB.
System memory in use after: 57.3 MB.

Unloading 4 unused Assets to reduce memory usage. Loaded Objects now: 1670.
Total: 1.592300 ms (FindLiveObjects: 0.172800 ms CreateObjectMapping: 0.025800 ms MarkObjects: 1.377500 ms  DeleteObjects: 0.015100 ms)

========================================================================
Received Prepare
Registering precompiled user dll's ...
Registered in 0.000587 seconds.
Begin MonoManager ReloadAssembly
Native extension for WindowsStandalone target not found
Refreshing native plugins compatible for Editor in 0.30 ms, found 0 plugins.
Preloading 0 native plugins for Editor in 0.00 ms.
Mono: successfully reloaded assembly
- Completed reload, in  0.702 seconds
Platform modules already initialized, skipping
Refreshing native plugins compatible for Editor in 0.36 ms, found 0 plugins.
Preloading 0 native plugins for Editor in 0.00 ms.
Unloading 1112 Unused Serialized files (Serialized files now loaded: 0)
System memory in use before: 57.2 MB.
System memory in use after: 57.3 MB.

Unloading 4 unused Assets to reduce memory usage. Loaded Objects now: 1673.
Total: 2.238800 ms (FindLiveObjects: 0.262400 ms CreateObjectMapping: 0.043500 ms MarkObjects: 1.917500 ms  DeleteObjects: 0.014100 ms)

========================================================================
Received Prepare
Registering precompiled user dll's ...
Registered in 0.000567 seconds.
Begin MonoManager ReloadAssembly
Native extension for WindowsStandalone target not found
Refreshing native plugins compatible for Editor in 0.26 ms, found 0 plugins.
Preloading 0 native plugins for Editor in 0.00 ms.
Mono: successfully reloaded assembly
- Completed reload, in  0.631 seconds
Platform modules already initialized, skipping
Refreshing native plugins compatible for Editor in 0.21 ms, found 0 plugins.
Preloading 0 native plugins for Editor in 0.00 ms.
Unloading 1112 Unused Serialized files (Serialized files now loaded: 0)
System memory in use before: 57.2 MB.
System memory in use after: 57.3 MB.

Unloading 4 unused Assets to reduce memory usage. Loaded Objects now: 1676.
Total: 2.777500 ms (FindLiveObjects: 0.224200 ms CreateObjectMapping: 0.043900 ms MarkObjects: 2.486200 ms  DeleteObjects: 0.021600 ms)

========================================================================
Received Prepare
Registering precompiled user dll's ...
Registered in 0.000393 seconds.
Begin MonoManager ReloadAssembly
Native extension for WindowsStandalone target not found
Refreshing native plugins compatible for Editor in 0.23 ms, found 0 plugins.
Preloading 0 native plugins for Editor in 0.00 ms.
Mono: successfully reloaded assembly
- Completed reload, in  0.601 seconds
Platform modules already initialized, skipping
Refreshing native plugins compatible for Editor in 0.23 ms, found 0 plugins.
Preloading 0 native plugins for Editor in 0.00 ms.
Unloading 1112 Unused Serialized files (Serialized files now loaded: 0)
System memory in use before: 57.2 MB.
System memory in use after: 57.3 MB.

Unloading 4 unused Assets to reduce memory usage. Loaded Objects now: 1679.
Total: 1.466600 ms (FindLiveObjects: 0.146800 ms CreateObjectMapping: 0.026300 ms MarkObjects: 1.280100 ms  DeleteObjects: 0.012200 ms)

========================================================================
Received Prepare
Registering precompiled user dll's ...
Registered in 0.000472 seconds.
Begin MonoManager ReloadAssembly
Native extension for WindowsStandalone target not found
Refreshing native plugins compatible for Editor in 0.23 ms, found 0 plugins.
Preloading 0 native plugins for Editor in 0.00 ms.
Mono: successfully reloaded assembly
- Completed reload, in  0.596 seconds
Platform modules already initialized, skipping
Refreshing native plugins compatible for Editor in 0.17 ms, found 0 plugins.
Preloading 0 native plugins for Editor in 0.00 ms.
Unloading 1112 Unused Serialized files (Serialized files now loaded: 0)
System memory in use before: 57.2 MB.
System memory in use after: 57.3 MB.

Unloading 4 unused Assets to reduce memory usage. Loaded Objects now: 1682.
Total: 1.480100 ms (FindLiveObjects: 0.157600 ms CreateObjectMapping: 0.026300 ms MarkObjects: 1.282500 ms  DeleteObjects: 0.012700 ms)

========================================================================
Received Prepare
Registering precompiled user dll's ...
Registered in 0.000443 seconds.
Begin MonoManager ReloadAssembly
Native extension for WindowsStandalone target not found
Refreshing native plugins compatible for Editor in 0.26 ms, found 0 plugins.
Preloading 0 native plugins for Editor in 0.00 ms.
Mono: successfully reloaded assembly
- Completed reload, in  0.644 seconds
Platform modules already initialized, skipping
Refreshing native plugins compatible for Editor in 0.30 ms, found 0 plugins.
Preloading 0 native plugins for Editor in 0.00 ms.
Unloading 1112 Unused Serialized files (Serialized files now loaded: 0)
System memory in use before: 57.3 MB.
System memory in use after: 57.4 MB.

Unloading 4 unused Assets to reduce memory usage. Loaded Objects now: 1685.
Total: 1.670900 ms (FindLiveObjects: 0.179800 ms CreateObjectMapping: 0.043700 ms MarkObjects: 1.432100 ms  DeleteObjects: 0.014200 ms)

========================================================================
Received Prepare
Registering precompiled user dll's ...
Registered in 0.000477 seconds.
Begin MonoManager ReloadAssembly
Native extension for WindowsStandalone target not found
Refreshing native plugins compatible for Editor in 0.24 ms, found 0 plugins.
Preloading 0 native plugins for Editor in 0.00 ms.
Mono: successfully reloaded assembly
- Completed reload, in  0.614 seconds
Platform modules already initialized, skipping
Refreshing native plugins compatible for Editor in 0.18 ms, found 0 plugins.
Preloading 0 native plugins for Editor in 0.00 ms.
Unloading 1112 Unused Serialized files (Serialized files now loaded: 0)
System memory in use before: 57.3 MB.
System memory in use after: 57.4 MB.

Unloading 4 unused Assets to reduce memory usage. Loaded Objects now: 1688.
Total: 1.639700 ms (FindLiveObjects: 0.161000 ms CreateObjectMapping: 0.024700 ms MarkObjects: 1.437700 ms  DeleteObjects: 0.015400 ms)

========================================================================
Received Prepare
Registering precompiled user dll's ...
Registered in 0.000469 seconds.
Begin MonoManager ReloadAssembly
Native extension for WindowsStandalone target not found
Refreshing native plugins compatible for Editor in 0.23 ms, found 0 plugins.
Preloading 0 native plugins for Editor in 0.00 ms.
Mono: successfully reloaded assembly
- Completed reload, in  0.617 seconds
Platform modules already initialized, skipping
Refreshing native plugins compatible for Editor in 0.37 ms, found 0 plugins.
Preloading 0 native plugins for Editor in 0.00 ms.
Unloading 1112 Unused Serialized files (Serialized files now loaded: 0)
System memory in use before: 57.3 MB.
System memory in use after: 57.4 MB.

Unloading 4 unused Assets to reduce memory usage. Loaded Objects now: 1691.
Total: 1.574600 ms (FindLiveObjects: 0.163200 ms CreateObjectMapping: 0.025900 ms MarkObjects: 1.370000 ms  DeleteObjects: 0.014700 ms)

========================================================================
Received Prepare
Registering precompiled user dll's ...
Registered in 0.000545 seconds.
Begin MonoManager ReloadAssembly
Native extension for WindowsStandalone target not found
Refreshing native plugins compatible for Editor in 0.24 ms, found 0 plugins.
Preloading 0 native plugins for Editor in 0.00 ms.
Mono: successfully reloaded assembly
- Completed reload, in  0.610 seconds
Platform modules already initialized, skipping
Refreshing native plugins compatible for Editor in 0.23 ms, found 0 plugins.
Preloading 0 native plugins for Editor in 0.00 ms.
Unloading 1112 Unused Serialized files (Serialized files now loaded: 0)
System memory in use before: 57.3 MB.
System memory in use after: 57.4 MB.

Unloading 4 unused Assets to reduce memory usage. Loaded Objects now: 1694.
Total: 1.729600 ms (FindLiveObjects: 0.162500 ms CreateObjectMapping: 0.025900 ms MarkObjects: 1.524000 ms  DeleteObjects: 0.016200 ms)

========================================================================
Received Prepare
Registering precompiled user dll's ...
Registered in 0.000371 seconds.
Begin MonoManager ReloadAssembly
Native extension for WindowsStandalone target not found
Refreshing native plugins compatible for Editor in 0.23 ms, found 0 plugins.
Preloading 0 native plugins for Editor in 0.00 ms.
Mono: successfully reloaded assembly
- Completed reload, in  0.589 seconds
Platform modules already initialized, skipping
Refreshing native plugins compatible for Editor in 0.22 ms, found 0 plugins.
Preloading 0 native plugins for Editor in 0.00 ms.
Unloading 1112 Unused Serialized files (Serialized files now loaded: 0)
System memory in use before: 57.3 MB.
System memory in use after: 57.4 MB.

Unloading 4 unused Assets to reduce memory usage. Loaded Objects now: 1697.
Total: 1.721400 ms (FindLiveObjects: 0.177400 ms CreateObjectMapping: 0.029300 ms MarkObjects: 1.498100 ms  DeleteObjects: 0.015600 ms)

AssetImportWorkerClient::OnTransportError - code=2 error=End of file
